2015-08-28 17:31:35,686 [org.sandbox.SpringBootMybatisApplication.main()] ERROR LoggingApplicationListener - Cannot set level:  for 'logback'
2015-08-28 17:31:35,863 [org.sandbox.SpringBootMybatisApplication.main()] INFO SpringBootMybatisApplication - Starting SpringBootMybatisApplication on zhangxin-OptiPlex-7020 with PID 15097 (/home/zhangxin/document/github/spring-boot-mybatis/target/classes started by zhangxin in /home/zhangxin/document/github/spring-boot-mybatis)
2015-08-28 17:31:35,883 [org.sandbox.SpringBootMybatisApplication.main()] INFO AnnotationConfigEmbeddedWebApplicationContext - Refreshing org.springframework.boot.context.embedded.AnnotationConfigEmbeddedWebApplicationContext@30d516ac: startup date [Fri Aug 28 17:31:35 CST 2015]; root of context hierarchy
2015-08-28 17:31:36,731 [org.sandbox.SpringBootMybatisApplication.main()] INFO DefaultListableBeanFactory - Overriding bean definition for bean 'beanNameViewResolver': replacing [Root bean: class [null]; scope=; abstract=false; lazyInit=false; autowireMode=3; dependencyCheck=0; autowireCandidate=true; primary=false; factoryBeanName=org.springframework.boot.autoconfigure.web.ErrorMvcAutoConfiguration$WhitelabelErrorViewConfiguration; factoryMethodName=beanNameViewResolver; initMethodName=null; destroyMethodName=(inferred); defined in class path resource [org/springframework/boot/autoconfigure/web/ErrorMvcAutoConfiguration$WhitelabelErrorViewConfiguration.class]] with [Root bean: class [null]; scope=; abstract=false; lazyInit=false; autowireMode=3; dependencyCheck=0; autowireCandidate=true; primary=false; factoryBeanName=org.springframework.boot.autoconfigure.web.WebMvcAutoConfiguration$WebMvcAutoConfigurationAdapter; factoryMethodName=beanNameViewResolver; initMethodName=null; destroyMethodName=(inferred); defined in class path resource [org/springframework/boot/autoconfigure/web/WebMvcAutoConfiguration$WebMvcAutoConfigurationAdapter.class]]
2015-08-28 17:31:37,142 [org.sandbox.SpringBootMybatisApplication.main()] INFO Version - HV000001: Hibernate Validator 5.1.3.Final
2015-08-28 17:31:37,211 [org.sandbox.SpringBootMybatisApplication.main()] INFO PostProcessorRegistrationDelegate$BeanPostProcessorChecker - Bean 'mysqlConfig' of type [class org.sandbox.MysqlConfig$$EnhancerBySpringCGLIB$$4e5d2c4f] is not eligible for getting processed by all BeanPostProcessors (for example: not eligible for auto-proxying)
2015-08-28 17:31:37,322 [org.sandbox.SpringBootMybatisApplication.main()] INFO MLog - MLog clients using log4j logging.
2015-08-28 17:31:37,475 [org.sandbox.SpringBootMybatisApplication.main()] INFO C3P0Registry - Initializing c3p0-0.9.1.2 [built 21-May-2007 15:04:56; debug? true; trace: 10]
2015-08-28 17:31:37,539 [org.sandbox.SpringBootMybatisApplication.main()] INFO PostProcessorRegistrationDelegate$BeanPostProcessorChecker - Bean 'dataSource' of type [class com.mchange.v2.c3p0.ComboPooledDataSource] is not eligible for getting processed by all BeanPostProcessors (for example: not eligible for auto-proxying)
2015-08-28 17:31:37,877 [org.sandbox.SpringBootMybatisApplication.main()] INFO PostProcessorRegistrationDelegate$BeanPostProcessorChecker - Bean 'sqlSessionFactory' of type [class org.apache.ibatis.session.defaults.DefaultSqlSessionFactory] is not eligible for getting processed by all BeanPostProcessors (for example: not eligible for auto-proxying)
2015-08-28 17:31:37,908 [org.sandbox.SpringBootMybatisApplication.main()] INFO PostProcessorRegistrationDelegate$BeanPostProcessorChecker - Bean 'personMapper' of type [class org.mybatis.spring.mapper.MapperFactoryBean] is not eligible for getting processed by all BeanPostProcessors (for example: not eligible for auto-proxying)
2015-08-28 17:31:37,968 [org.sandbox.SpringBootMybatisApplication.main()] INFO PostProcessorRegistrationDelegate$BeanPostProcessorChecker - Bean 'org.springframework.transaction.annotation.ProxyTransactionManagementConfiguration' of type [class org.springframework.transaction.annotation.ProxyTransactionManagementConfiguration$$EnhancerBySpringCGLIB$$cfe5e8d7] is not eligible for getting processed by all BeanPostProcessors (for example: not eligible for auto-proxying)
2015-08-28 17:31:37,979 [org.sandbox.SpringBootMybatisApplication.main()] INFO PostProcessorRegistrationDelegate$BeanPostProcessorChecker - Bean 'transactionAttributeSource' of type [class org.springframework.transaction.annotation.AnnotationTransactionAttributeSource] is not eligible for getting processed by all BeanPostProcessors (for example: not eligible for auto-proxying)
2015-08-28 17:31:37,983 [org.sandbox.SpringBootMybatisApplication.main()] INFO PostProcessorRegistrationDelegate$BeanPostProcessorChecker - Bean 'transactionInterceptor' of type [class org.springframework.transaction.interceptor.TransactionInterceptor] is not eligible for getting processed by all BeanPostProcessors (for example: not eligible for auto-proxying)
2015-08-28 17:31:37,985 [org.sandbox.SpringBootMybatisApplication.main()] INFO PostProcessorRegistrationDelegate$BeanPostProcessorChecker - Bean 'org.springframework.transaction.config.internalTransactionAdvisor' of type [class org.springframework.transaction.interceptor.BeanFactoryTransactionAttributeSourceAdvisor] is not eligible for getting processed by all BeanPostProcessors (for example: not eligible for auto-proxying)
2015-08-28 17:31:38,378 [org.sandbox.SpringBootMybatisApplication.main()] INFO TomcatEmbeddedServletContainer - Tomcat initialized with port(s): 8080 (http)
2015-08-28 17:31:38,524 [org.sandbox.SpringBootMybatisApplication.main()] INFO StandardService - Starting service Tomcat
2015-08-28 17:31:38,525 [org.sandbox.SpringBootMybatisApplication.main()] INFO StandardEngine - Starting Servlet Engine: Apache Tomcat/8.0.23
2015-08-28 17:31:38,688 [localhost-startStop-1] INFO [/] - Initializing Spring embedded WebApplicationContext
2015-08-28 17:31:38,689 [localhost-startStop-1] INFO ContextLoader - Root WebApplicationContext: initialization completed in 2806 ms
2015-08-28 17:31:39,486 [localhost-startStop-1] INFO ServletRegistrationBean - Mapping servlet: 'dispatcherServlet' to [/]
2015-08-28 17:31:39,489 [localhost-startStop-1] INFO FilterRegistrationBean - Mapping filter: 'characterEncodingFilter' to: [/*]
2015-08-28 17:31:39,490 [localhost-startStop-1] INFO FilterRegistrationBean - Mapping filter: 'hiddenHttpMethodFilter' to: [/*]
2015-08-28 17:31:39,982 [org.sandbox.SpringBootMybatisApplication.main()] INFO RequestMappingHandlerAdapter - Looking for @ControllerAdvice: org.springframework.boot.context.embedded.AnnotationConfigEmbeddedWebApplicationContext@30d516ac: startup date [Fri Aug 28 17:31:35 CST 2015]; root of context hierarchy
2015-08-28 17:31:40,021 [org.sandbox.SpringBootMybatisApplication.main()] INFO RequestMappingHandlerMapping - Mapped "{[/v1/redis],methods=[GET]}" onto public org.springframework.http.ResponseEntity<java.lang.String> org.sandbox.controller.RedisController.getValue(java.lang.String)
2015-08-28 17:31:40,022 [org.sandbox.SpringBootMybatisApplication.main()] INFO RequestMappingHandlerMapping - Mapped "{[/v1/redis],methods=[POST]}" onto public org.springframework.http.ResponseEntity<java.lang.String> org.sandbox.controller.RedisController.setValue(java.lang.String,java.lang.String)
2015-08-28 17:31:40,022 [org.sandbox.SpringBootMybatisApplication.main()] INFO RequestMappingHandlerMapping - Mapped "{[/v1/persons/{id}],methods=[GET]}" onto public java.lang.Object org.sandbox.controller.PersonController.getPerson(int)
2015-08-28 17:31:40,022 [org.sandbox.SpringBootMybatisApplication.main()] INFO RequestMappingHandlerMapping - Mapped "{[/v1/persons],methods=[POST],produces=[application/json;charset=UTF-8]}" onto public org.springframework.http.ResponseEntity<java.lang.String> org.sandbox.controller.PersonController.setPerson(java.lang.String,int,java.lang.String)
2015-08-28 17:31:40,022 [org.sandbox.SpringBootMybatisApplication.main()] INFO RequestMappingHandlerMapping - Mapped "{[/v1/persons/{id}],methods=[PUT]}" onto public org.springframework.http.ResponseEntity<java.lang.String> org.sandbox.controller.PersonController.updatePerson(int,java.lang.String,int,java.lang.String)
2015-08-28 17:31:40,022 [org.sandbox.SpringBootMybatisApplication.main()] INFO RequestMappingHandlerMapping - Mapped "{[/v1/persons/{id}],methods=[DELETE]}" onto public org.springframework.http.ResponseEntity<?> org.sandbox.controller.PersonController.delPerson(int)
2015-08-28 17:31:40,023 [org.sandbox.SpringBootMybatisApplication.main()] INFO RequestMappingHandlerMapping - Mapped "{[/error],produces=[text/html]}" onto public org.springframework.web.servlet.ModelAndView org.springframework.boot.autoconfigure.web.BasicErrorController.errorHtml(javax.servlet.http.HttpServletRequest)
2015-08-28 17:31:40,023 [org.sandbox.SpringBootMybatisApplication.main()] INFO RequestMappingHandlerMapping - Mapped "{[/error]}" onto public org.springframework.http.ResponseEntity<java.util.Map<java.lang.String, java.lang.Object>> org.springframework.boot.autoconfigure.web.BasicErrorController.error(javax.servlet.http.HttpServletRequest)
2015-08-28 17:31:40,039 [org.sandbox.SpringBootMybatisApplication.main()] INFO SimpleUrlHandlerMapping - Mapped URL path [/webjars/**] onto handler of type [class org.springframework.web.servlet.resource.ResourceHttpRequestHandler]
2015-08-28 17:31:40,039 [org.sandbox.SpringBootMybatisApplication.main()] INFO SimpleUrlHandlerMapping - Mapped URL path [/**] onto handler of type [class org.springframework.web.servlet.resource.ResourceHttpRequestHandler]
2015-08-28 17:31:40,063 [org.sandbox.SpringBootMybatisApplication.main()] INFO SimpleUrlHandlerMapping - Mapped URL path [/**/favicon.ico] onto handler of type [class org.springframework.web.servlet.resource.ResourceHttpRequestHandler]
2015-08-28 17:31:40,259 [org.sandbox.SpringBootMybatisApplication.main()] INFO AnnotationMBeanExporter - Registering beans for JMX exposure on startup
2015-08-28 17:31:40,281 [org.sandbox.SpringBootMybatisApplication.main()] INFO Http11NioProtocol - Initializing ProtocolHandler ["http-nio-8080"]
2015-08-28 17:31:40,317 [org.sandbox.SpringBootMybatisApplication.main()] INFO Http11NioProtocol - Starting ProtocolHandler ["http-nio-8080"]
2015-08-28 17:31:40,336 [org.sandbox.SpringBootMybatisApplication.main()] INFO NioSelectorPool - Using a shared selector for servlet write/read
2015-08-28 17:31:40,391 [org.sandbox.SpringBootMybatisApplication.main()] INFO TomcatEmbeddedServletContainer - Tomcat started on port(s): 8080 (http)
2015-08-28 17:31:40,392 [org.sandbox.SpringBootMybatisApplication.main()] INFO SpringBootMybatisApplication - Started SpringBootMybatisApplication in 4.953 seconds (JVM running for 11.169)
2015-08-28 17:32:17,927 [org.sandbox.SpringBootMybatisApplication.main()] INFO SpringBootMybatisApplication - Starting SpringBootMybatisApplication on zhangxin-OptiPlex-7020 with PID 15357 (/home/zhangxin/document/github/spring-boot-mybatis/target/classes started by zhangxin in /home/zhangxin/document/github/spring-boot-mybatis)
2015-08-28 17:32:17,954 [org.sandbox.SpringBootMybatisApplication.main()] INFO AnnotationConfigEmbeddedWebApplicationContext - Refreshing org.springframework.boot.context.embedded.AnnotationConfigEmbeddedWebApplicationContext@8b42368: startup date [Fri Aug 28 17:32:17 CST 2015]; root of context hierarchy
2015-08-28 17:32:18,343 [org.sandbox.SpringBootMybatisApplication.main()] INFO DefaultListableBeanFactory - Overriding bean definition for bean 'beanNameViewResolver': replacing [Root bean: class [null]; scope=; abstract=false; lazyInit=false; autowireMode=3; dependencyCheck=0; autowireCandidate=true; primary=false; factoryBeanName=org.springframework.boot.autoconfigure.web.ErrorMvcAutoConfiguration$WhitelabelErrorViewConfiguration; factoryMethodName=beanNameViewResolver; initMethodName=null; destroyMethodName=(inferred); defined in class path resource [org/springframework/boot/autoconfigure/web/ErrorMvcAutoConfiguration$WhitelabelErrorViewConfiguration.class]] with [Root bean: class [null]; scope=; abstract=false; lazyInit=false; autowireMode=3; dependencyCheck=0; autowireCandidate=true; primary=false; factoryBeanName=org.springframework.boot.autoconfigure.web.WebMvcAutoConfiguration$WebMvcAutoConfigurationAdapter; factoryMethodName=beanNameViewResolver; initMethodName=null; destroyMethodName=(inferred); defined in class path resource [org/springframework/boot/autoconfigure/web/WebMvcAutoConfiguration$WebMvcAutoConfigurationAdapter.class]]
2015-08-28 17:32:18,538 [org.sandbox.SpringBootMybatisApplication.main()] INFO Version - HV000001: Hibernate Validator 5.1.3.Final
2015-08-28 17:32:18,588 [org.sandbox.SpringBootMybatisApplication.main()] INFO PostProcessorRegistrationDelegate$BeanPostProcessorChecker - Bean 'mysqlConfig' of type [class org.sandbox.MysqlConfig$$EnhancerBySpringCGLIB$$92a1731c] is not eligible for getting processed by all BeanPostProcessors (for example: not eligible for auto-proxying)
2015-08-28 17:32:18,611 [org.sandbox.SpringBootMybatisApplication.main()] INFO MLog - MLog clients using log4j logging.
2015-08-28 17:32:18,653 [org.sandbox.SpringBootMybatisApplication.main()] INFO C3P0Registry - Initializing c3p0-0.9.1.2 [built 21-May-2007 15:04:56; debug? true; trace: 10]
2015-08-28 17:32:18,687 [org.sandbox.SpringBootMybatisApplication.main()] INFO PostProcessorRegistrationDelegate$BeanPostProcessorChecker - Bean 'dataSource' of type [class com.mchange.v2.c3p0.ComboPooledDataSource] is not eligible for getting processed by all BeanPostProcessors (for example: not eligible for auto-proxying)
2015-08-28 17:32:18,804 [org.sandbox.SpringBootMybatisApplication.main()] INFO PostProcessorRegistrationDelegate$BeanPostProcessorChecker - Bean 'sqlSessionFactory' of type [class org.apache.ibatis.session.defaults.DefaultSqlSessionFactory] is not eligible for getting processed by all BeanPostProcessors (for example: not eligible for auto-proxying)
2015-08-28 17:32:18,809 [org.sandbox.SpringBootMybatisApplication.main()] INFO PostProcessorRegistrationDelegate$BeanPostProcessorChecker - Bean 'personMapper' of type [class org.mybatis.spring.mapper.MapperFactoryBean] is not eligible for getting processed by all BeanPostProcessors (for example: not eligible for auto-proxying)
2015-08-28 17:32:18,829 [org.sandbox.SpringBootMybatisApplication.main()] INFO PostProcessorRegistrationDelegate$BeanPostProcessorChecker - Bean 'org.springframework.transaction.annotation.ProxyTransactionManagementConfiguration' of type [class org.springframework.transaction.annotation.ProxyTransactionManagementConfiguration$$EnhancerBySpringCGLIB$$142a2fa4] is not eligible for getting processed by all BeanPostProcessors (for example: not eligible for auto-proxying)
2015-08-28 17:32:18,837 [org.sandbox.SpringBootMybatisApplication.main()] INFO PostProcessorRegistrationDelegate$BeanPostProcessorChecker - Bean 'transactionAttributeSource' of type [class org.springframework.transaction.annotation.AnnotationTransactionAttributeSource] is not eligible for getting processed by all BeanPostProcessors (for example: not eligible for auto-proxying)
2015-08-28 17:32:18,841 [org.sandbox.SpringBootMybatisApplication.main()] INFO PostProcessorRegistrationDelegate$BeanPostProcessorChecker - Bean 'transactionInterceptor' of type [class org.springframework.transaction.interceptor.TransactionInterceptor] is not eligible for getting processed by all BeanPostProcessors (for example: not eligible for auto-proxying)
2015-08-28 17:32:18,843 [org.sandbox.SpringBootMybatisApplication.main()] INFO PostProcessorRegistrationDelegate$BeanPostProcessorChecker - Bean 'org.springframework.transaction.config.internalTransactionAdvisor' of type [class org.springframework.transaction.interceptor.BeanFactoryTransactionAttributeSourceAdvisor] is not eligible for getting processed by all BeanPostProcessors (for example: not eligible for auto-proxying)
2015-08-28 17:32:19,101 [org.sandbox.SpringBootMybatisApplication.main()] INFO TomcatEmbeddedServletContainer - Tomcat initialized with port(s): 8080 (http)
2015-08-28 17:32:19,220 [org.sandbox.SpringBootMybatisApplication.main()] INFO StandardService - Starting service Tomcat
2015-08-28 17:32:19,221 [org.sandbox.SpringBootMybatisApplication.main()] INFO StandardEngine - Starting Servlet Engine: Apache Tomcat/8.0.23
2015-08-28 17:32:19,300 [localhost-startStop-1] INFO [/] - Initializing Spring embedded WebApplicationContext
2015-08-28 17:32:19,300 [localhost-startStop-1] INFO ContextLoader - Root WebApplicationContext: initialization completed in 1346 ms
2015-08-28 17:32:19,838 [localhost-startStop-1] INFO ServletRegistrationBean - Mapping servlet: 'dispatcherServlet' to [/]
2015-08-28 17:32:19,841 [localhost-startStop-1] INFO FilterRegistrationBean - Mapping filter: 'characterEncodingFilter' to: [/*]
2015-08-28 17:32:19,841 [localhost-startStop-1] INFO FilterRegistrationBean - Mapping filter: 'hiddenHttpMethodFilter' to: [/*]
2015-08-28 17:32:20,048 [org.sandbox.SpringBootMybatisApplication.main()] INFO RequestMappingHandlerAdapter - Looking for @ControllerAdvice: org.springframework.boot.context.embedded.AnnotationConfigEmbeddedWebApplicationContext@8b42368: startup date [Fri Aug 28 17:32:17 CST 2015]; root of context hierarchy
2015-08-28 17:32:20,089 [org.sandbox.SpringBootMybatisApplication.main()] INFO RequestMappingHandlerMapping - Mapped "{[/v1/redis],methods=[GET]}" onto public org.springframework.http.ResponseEntity<java.lang.String> org.sandbox.controller.RedisController.getValue(java.lang.String)
2015-08-28 17:32:20,089 [org.sandbox.SpringBootMybatisApplication.main()] INFO RequestMappingHandlerMapping - Mapped "{[/v1/redis],methods=[POST]}" onto public org.springframework.http.ResponseEntity<java.lang.String> org.sandbox.controller.RedisController.setValue(java.lang.String,java.lang.String)
2015-08-28 17:32:20,090 [org.sandbox.SpringBootMybatisApplication.main()] INFO RequestMappingHandlerMapping - Mapped "{[/v1/persons/{id}],methods=[GET]}" onto public java.lang.Object org.sandbox.controller.PersonController.getPerson(int)
2015-08-28 17:32:20,090 [org.sandbox.SpringBootMybatisApplication.main()] INFO RequestMappingHandlerMapping - Mapped "{[/v1/persons],methods=[POST],produces=[application/json;charset=UTF-8]}" onto public org.springframework.http.ResponseEntity<java.lang.String> org.sandbox.controller.PersonController.setPerson(java.lang.String,int,java.lang.String)
2015-08-28 17:32:20,090 [org.sandbox.SpringBootMybatisApplication.main()] INFO RequestMappingHandlerMapping - Mapped "{[/v1/persons/{id}],methods=[PUT]}" onto public org.springframework.http.ResponseEntity<java.lang.String> org.sandbox.controller.PersonController.updatePerson(int,java.lang.String,int,java.lang.String)
2015-08-28 17:32:20,090 [org.sandbox.SpringBootMybatisApplication.main()] INFO RequestMappingHandlerMapping - Mapped "{[/v1/persons/{id}],methods=[DELETE]}" onto public org.springframework.http.ResponseEntity<?> org.sandbox.controller.PersonController.delPerson(int)
2015-08-28 17:32:20,091 [org.sandbox.SpringBootMybatisApplication.main()] INFO RequestMappingHandlerMapping - Mapped "{[/error],produces=[text/html]}" onto public org.springframework.web.servlet.ModelAndView org.springframework.boot.autoconfigure.web.BasicErrorController.errorHtml(javax.servlet.http.HttpServletRequest)
2015-08-28 17:32:20,091 [org.sandbox.SpringBootMybatisApplication.main()] INFO RequestMappingHandlerMapping - Mapped "{[/error]}" onto public org.springframework.http.ResponseEntity<java.util.Map<java.lang.String, java.lang.Object>> org.springframework.boot.autoconfigure.web.BasicErrorController.error(javax.servlet.http.HttpServletRequest)
2015-08-28 17:32:20,112 [org.sandbox.SpringBootMybatisApplication.main()] INFO SimpleUrlHandlerMapping - Mapped URL path [/webjars/**] onto handler of type [class org.springframework.web.servlet.resource.ResourceHttpRequestHandler]
2015-08-28 17:32:20,112 [org.sandbox.SpringBootMybatisApplication.main()] INFO SimpleUrlHandlerMapping - Mapped URL path [/**] onto handler of type [class org.springframework.web.servlet.resource.ResourceHttpRequestHandler]
2015-08-28 17:32:20,136 [org.sandbox.SpringBootMybatisApplication.main()] INFO SimpleUrlHandlerMapping - Mapped URL path [/**/favicon.ico] onto handler of type [class org.springframework.web.servlet.resource.ResourceHttpRequestHandler]
2015-08-28 17:32:20,276 [org.sandbox.SpringBootMybatisApplication.main()] INFO AnnotationMBeanExporter - Registering beans for JMX exposure on startup
2015-08-28 17:32:20,297 [org.sandbox.SpringBootMybatisApplication.main()] INFO Http11NioProtocol - Initializing ProtocolHandler ["http-nio-8080"]
2015-08-28 17:32:20,303 [org.sandbox.SpringBootMybatisApplication.main()] INFO Http11NioProtocol - Starting ProtocolHandler ["http-nio-8080"]
2015-08-28 17:32:20,307 [org.sandbox.SpringBootMybatisApplication.main()] INFO NioSelectorPool - Using a shared selector for servlet write/read
2015-08-28 17:32:20,342 [org.sandbox.SpringBootMybatisApplication.main()] INFO TomcatEmbeddedServletContainer - Tomcat started on port(s): 8080 (http)
2015-08-28 17:32:20,344 [org.sandbox.SpringBootMybatisApplication.main()] INFO SpringBootMybatisApplication - Started SpringBootMybatisApplication in 2.647 seconds (JVM running for 4.409)
2015-08-28 17:33:57,593 [http-nio-8080-exec-1] INFO [/] - Initializing Spring FrameworkServlet 'dispatcherServlet'
2015-08-28 17:33:57,594 [http-nio-8080-exec-1] INFO DispatcherServlet - FrameworkServlet 'dispatcherServlet': initialization started
2015-08-28 17:33:57,605 [http-nio-8080-exec-1] INFO DispatcherServlet - FrameworkServlet 'dispatcherServlet': initialization completed in 11 ms
2015-08-28 17:34:07,278 [http-nio-8080-exec-3] INFO AbstractPoolBackedDataSource - Initializing c3p0 pool... com.mchange.v2.c3p0.ComboPooledDataSource [ acquireIncrement -> 10, acquireRetryAttempts -> 30, acquireRetryDelay -> 1000, autoCommitOnClose -> false, automaticTestTable -> null, breakAfterAcquireFailure -> false, checkoutTimeout -> 0, connectionCustomizerClassName -> null, connectionTesterClassName -> com.mchange.v2.c3p0.impl.DefaultConnectionTester, dataSourceName -> z8kfsx9bw378sc1ptuf76|323fc09, debugUnreturnedConnectionStackTraces -> false, description -> null, driverClass -> com.mysql.jdbc.Driver, factoryClassLocation -> null, forceIgnoreUnresolvedTransactions -> false, identityToken -> z8kfsx9bw378sc1ptuf76|323fc09, idleConnectionTestPeriod -> 60, initialPoolSize -> 3, jdbcUrl -> jdbc:mysql://127.0.0.1:3306/test?autoReconnect=true&useCompression=true&useUnicode=true&characterEncoding=utf8&zeroDateTimeBehavior=convertToNull&allowMultiQueries=true, maxAdministrativeTaskTime -> 0, maxConnectionAge -> 0, maxIdleTime -> 0, maxIdleTimeExcessConnections -> 0, maxPoolSize -> 100, maxStatements -> 50, maxStatementsPerConnection -> 0, minPoolSize -> 10, numHelperThreads -> 3, numThreadsAwaitingCheckoutDefaultUser -> 0, preferredTestQuery -> null, properties -> {user=******, password=******}, propertyCycle -> 0, testConnectionOnCheckin -> false, testConnectionOnCheckout -> false, unreturnedConnectionTimeout -> 0, usesTraditionalReflectiveProxies -> false ]
2015-08-28 17:34:31,041 [org.sandbox.SpringBootMybatisApplication.main()] INFO SpringBootMybatisApplication - Starting SpringBootMybatisApplication on zhangxin-OptiPlex-7020 with PID 16046 (/home/zhangxin/document/github/spring-boot-mybatis/target/classes started by zhangxin in /home/zhangxin/document/github/spring-boot-mybatis)
2015-08-28 17:34:31,060 [org.sandbox.SpringBootMybatisApplication.main()] INFO AnnotationConfigEmbeddedWebApplicationContext - Refreshing org.springframework.boot.context.embedded.AnnotationConfigEmbeddedWebApplicationContext@8b42368: startup date [Fri Aug 28 17:34:31 CST 2015]; root of context hierarchy
2015-08-28 17:34:31,415 [org.sandbox.SpringBootMybatisApplication.main()] INFO DefaultListableBeanFactory - Overriding bean definition for bean 'beanNameViewResolver': replacing [Root bean: class [null]; scope=; abstract=false; lazyInit=false; autowireMode=3; dependencyCheck=0; autowireCandidate=true; primary=false; factoryBeanName=org.springframework.boot.autoconfigure.web.ErrorMvcAutoConfiguration$WhitelabelErrorViewConfiguration; factoryMethodName=beanNameViewResolver; initMethodName=null; destroyMethodName=(inferred); defined in class path resource [org/springframework/boot/autoconfigure/web/ErrorMvcAutoConfiguration$WhitelabelErrorViewConfiguration.class]] with [Root bean: class [null]; scope=; abstract=false; lazyInit=false; autowireMode=3; dependencyCheck=0; autowireCandidate=true; primary=false; factoryBeanName=org.springframework.boot.autoconfigure.web.WebMvcAutoConfiguration$WebMvcAutoConfigurationAdapter; factoryMethodName=beanNameViewResolver; initMethodName=null; destroyMethodName=(inferred); defined in class path resource [org/springframework/boot/autoconfigure/web/WebMvcAutoConfiguration$WebMvcAutoConfigurationAdapter.class]]
2015-08-28 17:34:31,656 [org.sandbox.SpringBootMybatisApplication.main()] INFO Version - HV000001: Hibernate Validator 5.1.3.Final
2015-08-28 17:34:31,713 [org.sandbox.SpringBootMybatisApplication.main()] INFO PostProcessorRegistrationDelegate$BeanPostProcessorChecker - Bean 'mysqlConfig' of type [class org.sandbox.MysqlConfig$$EnhancerBySpringCGLIB$$92a1731c] is not eligible for getting processed by all BeanPostProcessors (for example: not eligible for auto-proxying)
2015-08-28 17:34:31,737 [org.sandbox.SpringBootMybatisApplication.main()] INFO MLog - MLog clients using log4j logging.
2015-08-28 17:34:31,781 [org.sandbox.SpringBootMybatisApplication.main()] INFO C3P0Registry - Initializing c3p0-0.9.1.2 [built 21-May-2007 15:04:56; debug? true; trace: 10]
2015-08-28 17:34:31,827 [org.sandbox.SpringBootMybatisApplication.main()] INFO PostProcessorRegistrationDelegate$BeanPostProcessorChecker - Bean 'dataSource' of type [class com.mchange.v2.c3p0.ComboPooledDataSource] is not eligible for getting processed by all BeanPostProcessors (for example: not eligible for auto-proxying)
2015-08-28 17:34:31,960 [org.sandbox.SpringBootMybatisApplication.main()] INFO PostProcessorRegistrationDelegate$BeanPostProcessorChecker - Bean 'sqlSessionFactory' of type [class org.apache.ibatis.session.defaults.DefaultSqlSessionFactory] is not eligible for getting processed by all BeanPostProcessors (for example: not eligible for auto-proxying)
2015-08-28 17:34:31,965 [org.sandbox.SpringBootMybatisApplication.main()] INFO PostProcessorRegistrationDelegate$BeanPostProcessorChecker - Bean 'personMapper' of type [class org.mybatis.spring.mapper.MapperFactoryBean] is not eligible for getting processed by all BeanPostProcessors (for example: not eligible for auto-proxying)
2015-08-28 17:34:31,995 [org.sandbox.SpringBootMybatisApplication.main()] INFO PostProcessorRegistrationDelegate$BeanPostProcessorChecker - Bean 'org.springframework.transaction.annotation.ProxyTransactionManagementConfiguration' of type [class org.springframework.transaction.annotation.ProxyTransactionManagementConfiguration$$EnhancerBySpringCGLIB$$142a2fa4] is not eligible for getting processed by all BeanPostProcessors (for example: not eligible for auto-proxying)
2015-08-28 17:34:32,003 [org.sandbox.SpringBootMybatisApplication.main()] INFO PostProcessorRegistrationDelegate$BeanPostProcessorChecker - Bean 'transactionAttributeSource' of type [class org.springframework.transaction.annotation.AnnotationTransactionAttributeSource] is not eligible for getting processed by all BeanPostProcessors (for example: not eligible for auto-proxying)
2015-08-28 17:34:32,008 [org.sandbox.SpringBootMybatisApplication.main()] INFO PostProcessorRegistrationDelegate$BeanPostProcessorChecker - Bean 'transactionInterceptor' of type [class org.springframework.transaction.interceptor.TransactionInterceptor] is not eligible for getting processed by all BeanPostProcessors (for example: not eligible for auto-proxying)
2015-08-28 17:34:32,012 [org.sandbox.SpringBootMybatisApplication.main()] INFO PostProcessorRegistrationDelegate$BeanPostProcessorChecker - Bean 'org.springframework.transaction.config.internalTransactionAdvisor' of type [class org.springframework.transaction.interceptor.BeanFactoryTransactionAttributeSourceAdvisor] is not eligible for getting processed by all BeanPostProcessors (for example: not eligible for auto-proxying)
2015-08-28 17:34:32,242 [org.sandbox.SpringBootMybatisApplication.main()] INFO TomcatEmbeddedServletContainer - Tomcat initialized with port(s): 8080 (http)
2015-08-28 17:34:32,364 [org.sandbox.SpringBootMybatisApplication.main()] INFO StandardService - Starting service Tomcat
2015-08-28 17:34:32,365 [org.sandbox.SpringBootMybatisApplication.main()] INFO StandardEngine - Starting Servlet Engine: Apache Tomcat/8.0.23
2015-08-28 17:34:32,421 [localhost-startStop-1] INFO [/] - Initializing Spring embedded WebApplicationContext
2015-08-28 17:34:32,424 [localhost-startStop-1] INFO ContextLoader - Root WebApplicationContext: initialization completed in 1364 ms
2015-08-28 17:34:32,962 [localhost-startStop-1] INFO ServletRegistrationBean - Mapping servlet: 'dispatcherServlet' to [/]
2015-08-28 17:34:32,966 [localhost-startStop-1] INFO FilterRegistrationBean - Mapping filter: 'characterEncodingFilter' to: [/*]
2015-08-28 17:34:32,966 [localhost-startStop-1] INFO FilterRegistrationBean - Mapping filter: 'hiddenHttpMethodFilter' to: [/*]
2015-08-28 17:34:33,128 [org.sandbox.SpringBootMybatisApplication.main()] INFO RequestMappingHandlerAdapter - Looking for @ControllerAdvice: org.springframework.boot.context.embedded.AnnotationConfigEmbeddedWebApplicationContext@8b42368: startup date [Fri Aug 28 17:34:31 CST 2015]; root of context hierarchy
2015-08-28 17:34:33,164 [org.sandbox.SpringBootMybatisApplication.main()] INFO RequestMappingHandlerMapping - Mapped "{[/v1/redis],methods=[GET]}" onto public org.springframework.http.ResponseEntity<java.lang.String> org.sandbox.controller.RedisController.getValue(java.lang.String)
2015-08-28 17:34:33,164 [org.sandbox.SpringBootMybatisApplication.main()] INFO RequestMappingHandlerMapping - Mapped "{[/v1/redis],methods=[POST]}" onto public org.springframework.http.ResponseEntity<java.lang.String> org.sandbox.controller.RedisController.setValue(java.lang.String,java.lang.String)
2015-08-28 17:34:33,165 [org.sandbox.SpringBootMybatisApplication.main()] INFO RequestMappingHandlerMapping - Mapped "{[/v1/persons/{id}],methods=[GET]}" onto public java.lang.Object org.sandbox.controller.PersonController.getPerson(int)
2015-08-28 17:34:33,166 [org.sandbox.SpringBootMybatisApplication.main()] INFO RequestMappingHandlerMapping - Mapped "{[/v1/persons],methods=[POST],produces=[application/json;charset=UTF-8]}" onto public org.springframework.http.ResponseEntity<java.lang.String> org.sandbox.controller.PersonController.setPerson(java.lang.String,int,java.lang.String)
2015-08-28 17:34:33,166 [org.sandbox.SpringBootMybatisApplication.main()] INFO RequestMappingHandlerMapping - Mapped "{[/v1/persons/{id}],methods=[PUT]}" onto public org.springframework.http.ResponseEntity<java.lang.String> org.sandbox.controller.PersonController.updatePerson(int,java.lang.String,int,java.lang.String)
2015-08-28 17:34:33,166 [org.sandbox.SpringBootMybatisApplication.main()] INFO RequestMappingHandlerMapping - Mapped "{[/v1/persons/{id}],methods=[DELETE]}" onto public org.springframework.http.ResponseEntity<?> org.sandbox.controller.PersonController.delPerson(int)
2015-08-28 17:34:33,166 [org.sandbox.SpringBootMybatisApplication.main()] INFO RequestMappingHandlerMapping - Mapped "{[/error],produces=[text/html]}" onto public org.springframework.web.servlet.ModelAndView org.springframework.boot.autoconfigure.web.BasicErrorController.errorHtml(javax.servlet.http.HttpServletRequest)
2015-08-28 17:34:33,166 [org.sandbox.SpringBootMybatisApplication.main()] INFO RequestMappingHandlerMapping - Mapped "{[/error]}" onto public org.springframework.http.ResponseEntity<java.util.Map<java.lang.String, java.lang.Object>> org.springframework.boot.autoconfigure.web.BasicErrorController.error(javax.servlet.http.HttpServletRequest)
2015-08-28 17:34:33,189 [org.sandbox.SpringBootMybatisApplication.main()] INFO SimpleUrlHandlerMapping - Mapped URL path [/webjars/**] onto handler of type [class org.springframework.web.servlet.resource.ResourceHttpRequestHandler]
2015-08-28 17:34:33,190 [org.sandbox.SpringBootMybatisApplication.main()] INFO SimpleUrlHandlerMapping - Mapped URL path [/**] onto handler of type [class org.springframework.web.servlet.resource.ResourceHttpRequestHandler]
2015-08-28 17:34:33,212 [org.sandbox.SpringBootMybatisApplication.main()] INFO SimpleUrlHandlerMapping - Mapped URL path [/**/favicon.ico] onto handler of type [class org.springframework.web.servlet.resource.ResourceHttpRequestHandler]
2015-08-28 17:34:33,339 [org.sandbox.SpringBootMybatisApplication.main()] INFO AnnotationMBeanExporter - Registering beans for JMX exposure on startup
2015-08-28 17:34:33,361 [org.sandbox.SpringBootMybatisApplication.main()] INFO Http11NioProtocol - Initializing ProtocolHandler ["http-nio-8080"]
2015-08-28 17:34:33,368 [org.sandbox.SpringBootMybatisApplication.main()] INFO Http11NioProtocol - Starting ProtocolHandler ["http-nio-8080"]
2015-08-28 17:34:33,372 [org.sandbox.SpringBootMybatisApplication.main()] INFO NioSelectorPool - Using a shared selector for servlet write/read
2015-08-28 17:34:33,409 [org.sandbox.SpringBootMybatisApplication.main()] INFO TomcatEmbeddedServletContainer - Tomcat started on port(s): 8080 (http)
2015-08-28 17:34:33,410 [org.sandbox.SpringBootMybatisApplication.main()] INFO SpringBootMybatisApplication - Started SpringBootMybatisApplication in 2.566 seconds (JVM running for 4.281)
2015-08-28 17:35:55,475 [http-nio-8080-exec-1] INFO [/] - Initializing Spring FrameworkServlet 'dispatcherServlet'
2015-08-28 17:35:55,475 [http-nio-8080-exec-1] INFO DispatcherServlet - FrameworkServlet 'dispatcherServlet': initialization started
2015-08-28 17:35:55,484 [http-nio-8080-exec-1] INFO DispatcherServlet - FrameworkServlet 'dispatcherServlet': initialization completed in 9 ms
2015-08-28 17:35:55,567 [http-nio-8080-exec-1] INFO AbstractPoolBackedDataSource - Initializing c3p0 pool... com.mchange.v2.c3p0.ComboPooledDataSource [ acquireIncrement -> 10, acquireRetryAttempts -> 30, acquireRetryDelay -> 1000, autoCommitOnClose -> false, automaticTestTable -> null, breakAfterAcquireFailure -> false, checkoutTimeout -> 0, connectionCustomizerClassName -> null, connectionTesterClassName -> com.mchange.v2.c3p0.impl.DefaultConnectionTester, dataSourceName -> z8kfsx9bw3a3ic1wngsoi|323fc09, debugUnreturnedConnectionStackTraces -> false, description -> null, driverClass -> com.mysql.jdbc.Driver, factoryClassLocation -> null, forceIgnoreUnresolvedTransactions -> false, identityToken -> z8kfsx9bw3a3ic1wngsoi|323fc09, idleConnectionTestPeriod -> 60, initialPoolSize -> 3, jdbcUrl -> jdbc:mysql://127.0.0.1:3306/test?autoReconnect=true&useCompression=true&useUnicode=true&characterEncoding=utf8&zeroDateTimeBehavior=convertToNull&allowMultiQueries=true, maxAdministrativeTaskTime -> 0, maxConnectionAge -> 0, maxIdleTime -> 0, maxIdleTimeExcessConnections -> 0, maxPoolSize -> 100, maxStatements -> 50, maxStatementsPerConnection -> 0, minPoolSize -> 10, numHelperThreads -> 3, numThreadsAwaitingCheckoutDefaultUser -> 0, preferredTestQuery -> null, properties -> {user=******, password=******}, propertyCycle -> 0, testConnectionOnCheckin -> false, testConnectionOnCheckout -> false, unreturnedConnectionTimeout -> 0, usesTraditionalReflectiveProxies -> false ]
2015-08-28 17:39:08,551 [org.sandbox.SpringBootMybatisApplication.main()] INFO SpringBootMybatisApplication - Starting SpringBootMybatisApplication on zhangxin-OptiPlex-7020 with PID 17443 (/home/zhangxin/document/github/spring-boot-mybatis/target/classes started by zhangxin in /home/zhangxin/document/github/spring-boot-mybatis)
2015-08-28 17:39:08,569 [org.sandbox.SpringBootMybatisApplication.main()] INFO AnnotationConfigEmbeddedWebApplicationContext - Refreshing org.springframework.boot.context.embedded.AnnotationConfigEmbeddedWebApplicationContext@5b02497e: startup date [Fri Aug 28 17:39:08 CST 2015]; root of context hierarchy
2015-08-28 17:39:08,947 [org.sandbox.SpringBootMybatisApplication.main()] INFO DefaultListableBeanFactory - Overriding bean definition for bean 'beanNameViewResolver': replacing [Root bean: class [null]; scope=; abstract=false; lazyInit=false; autowireMode=3; dependencyCheck=0; autowireCandidate=true; primary=false; factoryBeanName=org.springframework.boot.autoconfigure.web.ErrorMvcAutoConfiguration$WhitelabelErrorViewConfiguration; factoryMethodName=beanNameViewResolver; initMethodName=null; destroyMethodName=(inferred); defined in class path resource [org/springframework/boot/autoconfigure/web/ErrorMvcAutoConfiguration$WhitelabelErrorViewConfiguration.class]] with [Root bean: class [null]; scope=; abstract=false; lazyInit=false; autowireMode=3; dependencyCheck=0; autowireCandidate=true; primary=false; factoryBeanName=org.springframework.boot.autoconfigure.web.WebMvcAutoConfiguration$WebMvcAutoConfigurationAdapter; factoryMethodName=beanNameViewResolver; initMethodName=null; destroyMethodName=(inferred); defined in class path resource [org/springframework/boot/autoconfigure/web/WebMvcAutoConfiguration$WebMvcAutoConfigurationAdapter.class]]
2015-08-28 17:39:09,135 [org.sandbox.SpringBootMybatisApplication.main()] INFO Version - HV000001: Hibernate Validator 5.1.3.Final
2015-08-28 17:39:09,200 [org.sandbox.SpringBootMybatisApplication.main()] INFO PostProcessorRegistrationDelegate$BeanPostProcessorChecker - Bean 'mysqlConfig' of type [class org.sandbox.MysqlConfig$$EnhancerBySpringCGLIB$$d205e9c5] is not eligible for getting processed by all BeanPostProcessors (for example: not eligible for auto-proxying)
2015-08-28 17:39:09,225 [org.sandbox.SpringBootMybatisApplication.main()] INFO MLog - MLog clients using log4j logging.
2015-08-28 17:39:09,266 [org.sandbox.SpringBootMybatisApplication.main()] INFO C3P0Registry - Initializing c3p0-0.9.1.2 [built 21-May-2007 15:04:56; debug? true; trace: 10]
2015-08-28 17:39:09,290 [org.sandbox.SpringBootMybatisApplication.main()] INFO PostProcessorRegistrationDelegate$BeanPostProcessorChecker - Bean 'dataSource' of type [class com.mchange.v2.c3p0.ComboPooledDataSource] is not eligible for getting processed by all BeanPostProcessors (for example: not eligible for auto-proxying)
2015-08-28 17:39:09,494 [org.sandbox.SpringBootMybatisApplication.main()] INFO PostProcessorRegistrationDelegate$BeanPostProcessorChecker - Bean 'sqlSessionFactory' of type [class org.apache.ibatis.session.defaults.DefaultSqlSessionFactory] is not eligible for getting processed by all BeanPostProcessors (for example: not eligible for auto-proxying)
2015-08-28 17:39:09,502 [org.sandbox.SpringBootMybatisApplication.main()] INFO PostProcessorRegistrationDelegate$BeanPostProcessorChecker - Bean 'personMapper' of type [class org.mybatis.spring.mapper.MapperFactoryBean] is not eligible for getting processed by all BeanPostProcessors (for example: not eligible for auto-proxying)
2015-08-28 17:39:09,531 [org.sandbox.SpringBootMybatisApplication.main()] INFO PostProcessorRegistrationDelegate$BeanPostProcessorChecker - Bean 'org.springframework.transaction.annotation.ProxyTransactionManagementConfiguration' of type [class org.springframework.transaction.annotation.ProxyTransactionManagementConfiguration$$EnhancerBySpringCGLIB$$538ea64d] is not eligible for getting processed by all BeanPostProcessors (for example: not eligible for auto-proxying)
2015-08-28 17:39:09,539 [org.sandbox.SpringBootMybatisApplication.main()] INFO PostProcessorRegistrationDelegate$BeanPostProcessorChecker - Bean 'transactionAttributeSource' of type [class org.springframework.transaction.annotation.AnnotationTransactionAttributeSource] is not eligible for getting processed by all BeanPostProcessors (for example: not eligible for auto-proxying)
2015-08-28 17:39:09,543 [org.sandbox.SpringBootMybatisApplication.main()] INFO PostProcessorRegistrationDelegate$BeanPostProcessorChecker - Bean 'transactionInterceptor' of type [class org.springframework.transaction.interceptor.TransactionInterceptor] is not eligible for getting processed by all BeanPostProcessors (for example: not eligible for auto-proxying)
2015-08-28 17:39:09,545 [org.sandbox.SpringBootMybatisApplication.main()] INFO PostProcessorRegistrationDelegate$BeanPostProcessorChecker - Bean 'org.springframework.transaction.config.internalTransactionAdvisor' of type [class org.springframework.transaction.interceptor.BeanFactoryTransactionAttributeSourceAdvisor] is not eligible for getting processed by all BeanPostProcessors (for example: not eligible for auto-proxying)
2015-08-28 17:39:09,774 [org.sandbox.SpringBootMybatisApplication.main()] INFO TomcatEmbeddedServletContainer - Tomcat initialized with port(s): 8080 (http)
2015-08-28 17:39:09,876 [org.sandbox.SpringBootMybatisApplication.main()] INFO StandardService - Starting service Tomcat
2015-08-28 17:39:09,877 [org.sandbox.SpringBootMybatisApplication.main()] INFO StandardEngine - Starting Servlet Engine: Apache Tomcat/8.0.23
2015-08-28 17:39:09,957 [localhost-startStop-1] INFO [/] - Initializing Spring embedded WebApplicationContext
2015-08-28 17:39:09,957 [localhost-startStop-1] INFO ContextLoader - Root WebApplicationContext: initialization completed in 1388 ms
2015-08-28 17:39:10,410 [localhost-startStop-1] INFO ServletRegistrationBean - Mapping servlet: 'dispatcherServlet' to [/]
2015-08-28 17:39:10,413 [localhost-startStop-1] INFO FilterRegistrationBean - Mapping filter: 'characterEncodingFilter' to: [/*]
2015-08-28 17:39:10,413 [localhost-startStop-1] INFO FilterRegistrationBean - Mapping filter: 'hiddenHttpMethodFilter' to: [/*]
2015-08-28 17:39:10,620 [org.sandbox.SpringBootMybatisApplication.main()] INFO RequestMappingHandlerAdapter - Looking for @ControllerAdvice: org.springframework.boot.context.embedded.AnnotationConfigEmbeddedWebApplicationContext@5b02497e: startup date [Fri Aug 28 17:39:08 CST 2015]; root of context hierarchy
2015-08-28 17:39:10,684 [org.sandbox.SpringBootMybatisApplication.main()] INFO RequestMappingHandlerMapping - Mapped "{[/v1/redis],methods=[GET]}" onto public org.springframework.http.ResponseEntity<java.lang.String> org.sandbox.controller.RedisController.getValue(java.lang.String)
2015-08-28 17:39:10,684 [org.sandbox.SpringBootMybatisApplication.main()] INFO RequestMappingHandlerMapping - Mapped "{[/v1/redis],methods=[POST]}" onto public org.springframework.http.ResponseEntity<java.lang.String> org.sandbox.controller.RedisController.setValue(java.lang.String,java.lang.String)
2015-08-28 17:39:10,684 [org.sandbox.SpringBootMybatisApplication.main()] INFO RequestMappingHandlerMapping - Mapped "{[/v1/persons/{id}],methods=[GET]}" onto public java.lang.Object org.sandbox.controller.PersonController.getPerson(int)
2015-08-28 17:39:10,685 [org.sandbox.SpringBootMybatisApplication.main()] INFO RequestMappingHandlerMapping - Mapped "{[/v1/persons],methods=[POST],produces=[application/json;charset=UTF-8]}" onto public org.springframework.http.ResponseEntity<java.lang.String> org.sandbox.controller.PersonController.setPerson(java.lang.String,int,java.lang.String)
2015-08-28 17:39:10,685 [org.sandbox.SpringBootMybatisApplication.main()] INFO RequestMappingHandlerMapping - Mapped "{[/v1/persons/{id}],methods=[PUT]}" onto public org.springframework.http.ResponseEntity<java.lang.String> org.sandbox.controller.PersonController.updatePerson(int,java.lang.String,int,java.lang.String)
2015-08-28 17:39:10,685 [org.sandbox.SpringBootMybatisApplication.main()] INFO RequestMappingHandlerMapping - Mapped "{[/v1/persons/{id}],methods=[DELETE]}" onto public org.springframework.http.ResponseEntity<?> org.sandbox.controller.PersonController.delPerson(int)
2015-08-28 17:39:10,686 [org.sandbox.SpringBootMybatisApplication.main()] INFO RequestMappingHandlerMapping - Mapped "{[/error],produces=[text/html]}" onto public org.springframework.web.servlet.ModelAndView org.springframework.boot.autoconfigure.web.BasicErrorController.errorHtml(javax.servlet.http.HttpServletRequest)
2015-08-28 17:39:10,686 [org.sandbox.SpringBootMybatisApplication.main()] INFO RequestMappingHandlerMapping - Mapped "{[/error]}" onto public org.springframework.http.ResponseEntity<java.util.Map<java.lang.String, java.lang.Object>> org.springframework.boot.autoconfigure.web.BasicErrorController.error(javax.servlet.http.HttpServletRequest)
2015-08-28 17:39:10,704 [org.sandbox.SpringBootMybatisApplication.main()] INFO SimpleUrlHandlerMapping - Mapped URL path [/webjars/**] onto handler of type [class org.springframework.web.servlet.resource.ResourceHttpRequestHandler]
2015-08-28 17:39:10,704 [org.sandbox.SpringBootMybatisApplication.main()] INFO SimpleUrlHandlerMapping - Mapped URL path [/**] onto handler of type [class org.springframework.web.servlet.resource.ResourceHttpRequestHandler]
2015-08-28 17:39:10,745 [org.sandbox.SpringBootMybatisApplication.main()] INFO SimpleUrlHandlerMapping - Mapped URL path [/**/favicon.ico] onto handler of type [class org.springframework.web.servlet.resource.ResourceHttpRequestHandler]
2015-08-28 17:39:10,912 [org.sandbox.SpringBootMybatisApplication.main()] INFO AnnotationMBeanExporter - Registering beans for JMX exposure on startup
2015-08-28 17:39:10,934 [org.sandbox.SpringBootMybatisApplication.main()] INFO Http11NioProtocol - Initializing ProtocolHandler ["http-nio-8080"]
2015-08-28 17:39:10,939 [org.sandbox.SpringBootMybatisApplication.main()] INFO Http11NioProtocol - Starting ProtocolHandler ["http-nio-8080"]
2015-08-28 17:39:10,943 [org.sandbox.SpringBootMybatisApplication.main()] INFO NioSelectorPool - Using a shared selector for servlet write/read
2015-08-28 17:39:10,956 [org.sandbox.SpringBootMybatisApplication.main()] INFO TomcatEmbeddedServletContainer - Tomcat started on port(s): 8080 (http)
2015-08-28 17:39:10,958 [org.sandbox.SpringBootMybatisApplication.main()] INFO SpringBootMybatisApplication - Started SpringBootMybatisApplication in 2.537 seconds (JVM running for 5.301)
2015-08-28 17:39:32,834 [org.sandbox.SpringBootMybatisApplication.main()] INFO SpringBootMybatisApplication - Starting SpringBootMybatisApplication on zhangxin-OptiPlex-7020 with PID 17594 (/home/zhangxin/document/github/spring-boot-mybatis/target/classes started by zhangxin in /home/zhangxin/document/github/spring-boot-mybatis)
2015-08-28 17:39:32,856 [org.sandbox.SpringBootMybatisApplication.main()] INFO AnnotationConfigEmbeddedWebApplicationContext - Refreshing org.springframework.boot.context.embedded.AnnotationConfigEmbeddedWebApplicationContext@2bd4fcd: startup date [Fri Aug 28 17:39:32 CST 2015]; root of context hierarchy
2015-08-28 17:39:33,343 [org.sandbox.SpringBootMybatisApplication.main()] INFO DefaultListableBeanFactory - Overriding bean definition for bean 'beanNameViewResolver': replacing [Root bean: class [null]; scope=; abstract=false; lazyInit=false; autowireMode=3; dependencyCheck=0; autowireCandidate=true; primary=false; factoryBeanName=org.springframework.boot.autoconfigure.web.ErrorMvcAutoConfiguration$WhitelabelErrorViewConfiguration; factoryMethodName=beanNameViewResolver; initMethodName=null; destroyMethodName=(inferred); defined in class path resource [org/springframework/boot/autoconfigure/web/ErrorMvcAutoConfiguration$WhitelabelErrorViewConfiguration.class]] with [Root bean: class [null]; scope=; abstract=false; lazyInit=false; autowireMode=3; dependencyCheck=0; autowireCandidate=true; primary=false; factoryBeanName=org.springframework.boot.autoconfigure.web.WebMvcAutoConfiguration$WebMvcAutoConfigurationAdapter; factoryMethodName=beanNameViewResolver; initMethodName=null; destroyMethodName=(inferred); defined in class path resource [org/springframework/boot/autoconfigure/web/WebMvcAutoConfiguration$WebMvcAutoConfigurationAdapter.class]]
2015-08-28 17:39:33,580 [org.sandbox.SpringBootMybatisApplication.main()] INFO Version - HV000001: Hibernate Validator 5.1.3.Final
2015-08-28 17:39:33,638 [org.sandbox.SpringBootMybatisApplication.main()] INFO PostProcessorRegistrationDelegate$BeanPostProcessorChecker - Bean 'mysqlConfig' of type [class org.sandbox.MysqlConfig$$EnhancerBySpringCGLIB$$f9ad426d] is not eligible for getting processed by all BeanPostProcessors (for example: not eligible for auto-proxying)
2015-08-28 17:39:33,670 [org.sandbox.SpringBootMybatisApplication.main()] INFO MLog - MLog clients using log4j logging.
2015-08-28 17:39:33,723 [org.sandbox.SpringBootMybatisApplication.main()] INFO C3P0Registry - Initializing c3p0-0.9.1.2 [built 21-May-2007 15:04:56; debug? true; trace: 10]
2015-08-28 17:39:33,759 [org.sandbox.SpringBootMybatisApplication.main()] INFO PostProcessorRegistrationDelegate$BeanPostProcessorChecker - Bean 'dataSource' of type [class com.mchange.v2.c3p0.ComboPooledDataSource] is not eligible for getting processed by all BeanPostProcessors (for example: not eligible for auto-proxying)
2015-08-28 17:39:33,951 [org.sandbox.SpringBootMybatisApplication.main()] INFO PostProcessorRegistrationDelegate$BeanPostProcessorChecker - Bean 'sqlSessionFactory' of type [class org.apache.ibatis.session.defaults.DefaultSqlSessionFactory] is not eligible for getting processed by all BeanPostProcessors (for example: not eligible for auto-proxying)
2015-08-28 17:39:33,956 [org.sandbox.SpringBootMybatisApplication.main()] INFO PostProcessorRegistrationDelegate$BeanPostProcessorChecker - Bean 'personMapper' of type [class org.mybatis.spring.mapper.MapperFactoryBean] is not eligible for getting processed by all BeanPostProcessors (for example: not eligible for auto-proxying)
2015-08-28 17:39:33,987 [org.sandbox.SpringBootMybatisApplication.main()] INFO PostProcessorRegistrationDelegate$BeanPostProcessorChecker - Bean 'org.springframework.transaction.annotation.ProxyTransactionManagementConfiguration' of type [class org.springframework.transaction.annotation.ProxyTransactionManagementConfiguration$$EnhancerBySpringCGLIB$$7b35fef5] is not eligible for getting processed by all BeanPostProcessors (for example: not eligible for auto-proxying)
2015-08-28 17:39:34,006 [org.sandbox.SpringBootMybatisApplication.main()] INFO PostProcessorRegistrationDelegate$BeanPostProcessorChecker - Bean 'transactionAttributeSource' of type [class org.springframework.transaction.annotation.AnnotationTransactionAttributeSource] is not eligible for getting processed by all BeanPostProcessors (for example: not eligible for auto-proxying)
2015-08-28 17:39:34,013 [org.sandbox.SpringBootMybatisApplication.main()] INFO PostProcessorRegistrationDelegate$BeanPostProcessorChecker - Bean 'transactionInterceptor' of type [class org.springframework.transaction.interceptor.TransactionInterceptor] is not eligible for getting processed by all BeanPostProcessors (for example: not eligible for auto-proxying)
2015-08-28 17:39:34,015 [org.sandbox.SpringBootMybatisApplication.main()] INFO PostProcessorRegistrationDelegate$BeanPostProcessorChecker - Bean 'org.springframework.transaction.config.internalTransactionAdvisor' of type [class org.springframework.transaction.interceptor.BeanFactoryTransactionAttributeSourceAdvisor] is not eligible for getting processed by all BeanPostProcessors (for example: not eligible for auto-proxying)
2015-08-28 17:39:34,282 [org.sandbox.SpringBootMybatisApplication.main()] INFO TomcatEmbeddedServletContainer - Tomcat initialized with port(s): 8080 (http)
2015-08-28 17:39:34,404 [org.sandbox.SpringBootMybatisApplication.main()] INFO StandardService - Starting service Tomcat
2015-08-28 17:39:34,404 [org.sandbox.SpringBootMybatisApplication.main()] INFO StandardEngine - Starting Servlet Engine: Apache Tomcat/8.0.23
2015-08-28 17:39:34,481 [localhost-startStop-1] INFO [/] - Initializing Spring embedded WebApplicationContext
2015-08-28 17:39:34,481 [localhost-startStop-1] INFO ContextLoader - Root WebApplicationContext: initialization completed in 1626 ms
2015-08-28 17:39:35,034 [localhost-startStop-1] INFO ServletRegistrationBean - Mapping servlet: 'dispatcherServlet' to [/]
2015-08-28 17:39:35,038 [localhost-startStop-1] INFO FilterRegistrationBean - Mapping filter: 'characterEncodingFilter' to: [/*]
2015-08-28 17:39:35,038 [localhost-startStop-1] INFO FilterRegistrationBean - Mapping filter: 'hiddenHttpMethodFilter' to: [/*]
2015-08-28 17:39:35,258 [org.sandbox.SpringBootMybatisApplication.main()] INFO RequestMappingHandlerAdapter - Looking for @ControllerAdvice: org.springframework.boot.context.embedded.AnnotationConfigEmbeddedWebApplicationContext@2bd4fcd: startup date [Fri Aug 28 17:39:32 CST 2015]; root of context hierarchy
2015-08-28 17:39:35,297 [org.sandbox.SpringBootMybatisApplication.main()] INFO RequestMappingHandlerMapping - Mapped "{[/v1/redis],methods=[GET]}" onto public org.springframework.http.ResponseEntity<java.lang.String> org.sandbox.controller.RedisController.getValue(java.lang.String)
2015-08-28 17:39:35,297 [org.sandbox.SpringBootMybatisApplication.main()] INFO RequestMappingHandlerMapping - Mapped "{[/v1/redis],methods=[POST]}" onto public org.springframework.http.ResponseEntity<java.lang.String> org.sandbox.controller.RedisController.setValue(java.lang.String,java.lang.String)
2015-08-28 17:39:35,298 [org.sandbox.SpringBootMybatisApplication.main()] INFO RequestMappingHandlerMapping - Mapped "{[/v1/persons/{id}],methods=[GET]}" onto public java.lang.Object org.sandbox.controller.PersonController.getPerson(int)
2015-08-28 17:39:35,298 [org.sandbox.SpringBootMybatisApplication.main()] INFO RequestMappingHandlerMapping - Mapped "{[/v1/persons],methods=[POST],produces=[application/json;charset=UTF-8]}" onto public org.springframework.http.ResponseEntity<java.lang.String> org.sandbox.controller.PersonController.setPerson(java.lang.String,int,java.lang.String)
2015-08-28 17:39:35,298 [org.sandbox.SpringBootMybatisApplication.main()] INFO RequestMappingHandlerMapping - Mapped "{[/v1/persons/{id}],methods=[PUT]}" onto public org.springframework.http.ResponseEntity<java.lang.String> org.sandbox.controller.PersonController.updatePerson(int,java.lang.String,int,java.lang.String)
2015-08-28 17:39:35,298 [org.sandbox.SpringBootMybatisApplication.main()] INFO RequestMappingHandlerMapping - Mapped "{[/v1/persons/{id}],methods=[DELETE]}" onto public org.springframework.http.ResponseEntity<?> org.sandbox.controller.PersonController.delPerson(int)
2015-08-28 17:39:35,299 [org.sandbox.SpringBootMybatisApplication.main()] INFO RequestMappingHandlerMapping - Mapped "{[/error],produces=[text/html]}" onto public org.springframework.web.servlet.ModelAndView org.springframework.boot.autoconfigure.web.BasicErrorController.errorHtml(javax.servlet.http.HttpServletRequest)
2015-08-28 17:39:35,299 [org.sandbox.SpringBootMybatisApplication.main()] INFO RequestMappingHandlerMapping - Mapped "{[/error]}" onto public org.springframework.http.ResponseEntity<java.util.Map<java.lang.String, java.lang.Object>> org.springframework.boot.autoconfigure.web.BasicErrorController.error(javax.servlet.http.HttpServletRequest)
2015-08-28 17:39:35,316 [org.sandbox.SpringBootMybatisApplication.main()] INFO SimpleUrlHandlerMapping - Mapped URL path [/webjars/**] onto handler of type [class org.springframework.web.servlet.resource.ResourceHttpRequestHandler]
2015-08-28 17:39:35,316 [org.sandbox.SpringBootMybatisApplication.main()] INFO SimpleUrlHandlerMapping - Mapped URL path [/**] onto handler of type [class org.springframework.web.servlet.resource.ResourceHttpRequestHandler]
2015-08-28 17:39:35,344 [org.sandbox.SpringBootMybatisApplication.main()] INFO SimpleUrlHandlerMapping - Mapped URL path [/**/favicon.ico] onto handler of type [class org.springframework.web.servlet.resource.ResourceHttpRequestHandler]
2015-08-28 17:39:35,477 [org.sandbox.SpringBootMybatisApplication.main()] INFO AnnotationMBeanExporter - Registering beans for JMX exposure on startup
2015-08-28 17:39:35,505 [org.sandbox.SpringBootMybatisApplication.main()] INFO Http11NioProtocol - Initializing ProtocolHandler ["http-nio-8080"]
2015-08-28 17:39:35,513 [org.sandbox.SpringBootMybatisApplication.main()] INFO Http11NioProtocol - Starting ProtocolHandler ["http-nio-8080"]
2015-08-28 17:39:35,516 [org.sandbox.SpringBootMybatisApplication.main()] INFO NioSelectorPool - Using a shared selector for servlet write/read
2015-08-28 17:39:35,532 [org.sandbox.SpringBootMybatisApplication.main()] INFO TomcatEmbeddedServletContainer - Tomcat started on port(s): 8080 (http)
2015-08-28 17:39:35,534 [org.sandbox.SpringBootMybatisApplication.main()] INFO SpringBootMybatisApplication - Started SpringBootMybatisApplication in 2.912 seconds (JVM running for 4.79)
2015-08-28 17:39:46,575 [org.sandbox.SpringBootMybatisApplication.main()] INFO SpringBootMybatisApplication - Starting SpringBootMybatisApplication on zhangxin-OptiPlex-7020 with PID 17691 (/home/zhangxin/document/github/spring-boot-mybatis/target/classes started by zhangxin in /home/zhangxin/document/github/spring-boot-mybatis)
2015-08-28 17:39:46,594 [org.sandbox.SpringBootMybatisApplication.main()] INFO AnnotationConfigEmbeddedWebApplicationContext - Refreshing org.springframework.boot.context.embedded.AnnotationConfigEmbeddedWebApplicationContext@8b42368: startup date [Fri Aug 28 17:39:46 CST 2015]; root of context hierarchy
2015-08-28 17:39:47,042 [org.sandbox.SpringBootMybatisApplication.main()] INFO DefaultListableBeanFactory - Overriding bean definition for bean 'beanNameViewResolver': replacing [Root bean: class [null]; scope=; abstract=false; lazyInit=false; autowireMode=3; dependencyCheck=0; autowireCandidate=true; primary=false; factoryBeanName=org.springframework.boot.autoconfigure.web.ErrorMvcAutoConfiguration$WhitelabelErrorViewConfiguration; factoryMethodName=beanNameViewResolver; initMethodName=null; destroyMethodName=(inferred); defined in class path resource [org/springframework/boot/autoconfigure/web/ErrorMvcAutoConfiguration$WhitelabelErrorViewConfiguration.class]] with [Root bean: class [null]; scope=; abstract=false; lazyInit=false; autowireMode=3; dependencyCheck=0; autowireCandidate=true; primary=false; factoryBeanName=org.springframework.boot.autoconfigure.web.WebMvcAutoConfiguration$WebMvcAutoConfigurationAdapter; factoryMethodName=beanNameViewResolver; initMethodName=null; destroyMethodName=(inferred); defined in class path resource [org/springframework/boot/autoconfigure/web/WebMvcAutoConfiguration$WebMvcAutoConfigurationAdapter.class]]
2015-08-28 17:39:47,292 [org.sandbox.SpringBootMybatisApplication.main()] INFO Version - HV000001: Hibernate Validator 5.1.3.Final
2015-08-28 17:39:47,346 [org.sandbox.SpringBootMybatisApplication.main()] INFO PostProcessorRegistrationDelegate$BeanPostProcessorChecker - Bean 'mysqlConfig' of type [class org.sandbox.MysqlConfig$$EnhancerBySpringCGLIB$$92a1731c] is not eligible for getting processed by all BeanPostProcessors (for example: not eligible for auto-proxying)
2015-08-28 17:39:47,369 [org.sandbox.SpringBootMybatisApplication.main()] INFO MLog - MLog clients using log4j logging.
2015-08-28 17:39:47,418 [org.sandbox.SpringBootMybatisApplication.main()] INFO C3P0Registry - Initializing c3p0-0.9.1.2 [built 21-May-2007 15:04:56; debug? true; trace: 10]
2015-08-28 17:39:47,456 [org.sandbox.SpringBootMybatisApplication.main()] INFO PostProcessorRegistrationDelegate$BeanPostProcessorChecker - Bean 'dataSource' of type [class com.mchange.v2.c3p0.ComboPooledDataSource] is not eligible for getting processed by all BeanPostProcessors (for example: not eligible for auto-proxying)
2015-08-28 17:39:47,585 [org.sandbox.SpringBootMybatisApplication.main()] INFO PostProcessorRegistrationDelegate$BeanPostProcessorChecker - Bean 'sqlSessionFactory' of type [class org.apache.ibatis.session.defaults.DefaultSqlSessionFactory] is not eligible for getting processed by all BeanPostProcessors (for example: not eligible for auto-proxying)
2015-08-28 17:39:47,590 [org.sandbox.SpringBootMybatisApplication.main()] INFO PostProcessorRegistrationDelegate$BeanPostProcessorChecker - Bean 'personMapper' of type [class org.mybatis.spring.mapper.MapperFactoryBean] is not eligible for getting processed by all BeanPostProcessors (for example: not eligible for auto-proxying)
2015-08-28 17:39:47,621 [org.sandbox.SpringBootMybatisApplication.main()] INFO PostProcessorRegistrationDelegate$BeanPostProcessorChecker - Bean 'org.springframework.transaction.annotation.ProxyTransactionManagementConfiguration' of type [class org.springframework.transaction.annotation.ProxyTransactionManagementConfiguration$$EnhancerBySpringCGLIB$$142a2fa4] is not eligible for getting processed by all BeanPostProcessors (for example: not eligible for auto-proxying)
2015-08-28 17:39:47,634 [org.sandbox.SpringBootMybatisApplication.main()] INFO PostProcessorRegistrationDelegate$BeanPostProcessorChecker - Bean 'transactionAttributeSource' of type [class org.springframework.transaction.annotation.AnnotationTransactionAttributeSource] is not eligible for getting processed by all BeanPostProcessors (for example: not eligible for auto-proxying)
2015-08-28 17:39:47,638 [org.sandbox.SpringBootMybatisApplication.main()] INFO PostProcessorRegistrationDelegate$BeanPostProcessorChecker - Bean 'transactionInterceptor' of type [class org.springframework.transaction.interceptor.TransactionInterceptor] is not eligible for getting processed by all BeanPostProcessors (for example: not eligible for auto-proxying)
2015-08-28 17:39:47,641 [org.sandbox.SpringBootMybatisApplication.main()] INFO PostProcessorRegistrationDelegate$BeanPostProcessorChecker - Bean 'org.springframework.transaction.config.internalTransactionAdvisor' of type [class org.springframework.transaction.interceptor.BeanFactoryTransactionAttributeSourceAdvisor] is not eligible for getting processed by all BeanPostProcessors (for example: not eligible for auto-proxying)
2015-08-28 17:39:47,912 [org.sandbox.SpringBootMybatisApplication.main()] INFO TomcatEmbeddedServletContainer - Tomcat initialized with port(s): 8080 (http)
2015-08-28 17:39:48,019 [org.sandbox.SpringBootMybatisApplication.main()] INFO StandardService - Starting service Tomcat
2015-08-28 17:39:48,020 [org.sandbox.SpringBootMybatisApplication.main()] INFO StandardEngine - Starting Servlet Engine: Apache Tomcat/8.0.23
2015-08-28 17:39:48,085 [localhost-startStop-1] INFO [/] - Initializing Spring embedded WebApplicationContext
2015-08-28 17:39:48,085 [localhost-startStop-1] INFO ContextLoader - Root WebApplicationContext: initialization completed in 1491 ms
2015-08-28 17:39:48,647 [localhost-startStop-1] INFO ServletRegistrationBean - Mapping servlet: 'dispatcherServlet' to [/]
2015-08-28 17:39:48,650 [localhost-startStop-1] INFO FilterRegistrationBean - Mapping filter: 'characterEncodingFilter' to: [/*]
2015-08-28 17:39:48,650 [localhost-startStop-1] INFO FilterRegistrationBean - Mapping filter: 'hiddenHttpMethodFilter' to: [/*]
2015-08-28 17:39:48,864 [org.sandbox.SpringBootMybatisApplication.main()] INFO RequestMappingHandlerAdapter - Looking for @ControllerAdvice: org.springframework.boot.context.embedded.AnnotationConfigEmbeddedWebApplicationContext@8b42368: startup date [Fri Aug 28 17:39:46 CST 2015]; root of context hierarchy
2015-08-28 17:39:48,898 [org.sandbox.SpringBootMybatisApplication.main()] INFO RequestMappingHandlerMapping - Mapped "{[/v1/redis],methods=[GET]}" onto public org.springframework.http.ResponseEntity<java.lang.String> org.sandbox.controller.RedisController.getValue(java.lang.String)
2015-08-28 17:39:48,899 [org.sandbox.SpringBootMybatisApplication.main()] INFO RequestMappingHandlerMapping - Mapped "{[/v1/redis],methods=[POST]}" onto public org.springframework.http.ResponseEntity<java.lang.String> org.sandbox.controller.RedisController.setValue(java.lang.String,java.lang.String)
2015-08-28 17:39:48,899 [org.sandbox.SpringBootMybatisApplication.main()] INFO RequestMappingHandlerMapping - Mapped "{[/v1/persons/{id}],methods=[GET]}" onto public java.lang.Object org.sandbox.controller.PersonController.getPerson(int)
2015-08-28 17:39:48,899 [org.sandbox.SpringBootMybatisApplication.main()] INFO RequestMappingHandlerMapping - Mapped "{[/v1/persons],methods=[POST],produces=[application/json;charset=UTF-8]}" onto public org.springframework.http.ResponseEntity<java.lang.String> org.sandbox.controller.PersonController.setPerson(java.lang.String,int,java.lang.String)
2015-08-28 17:39:48,900 [org.sandbox.SpringBootMybatisApplication.main()] INFO RequestMappingHandlerMapping - Mapped "{[/v1/persons/{id}],methods=[PUT]}" onto public org.springframework.http.ResponseEntity<java.lang.String> org.sandbox.controller.PersonController.updatePerson(int,java.lang.String,int,java.lang.String)
2015-08-28 17:39:48,900 [org.sandbox.SpringBootMybatisApplication.main()] INFO RequestMappingHandlerMapping - Mapped "{[/v1/persons/{id}],methods=[DELETE]}" onto public org.springframework.http.ResponseEntity<?> org.sandbox.controller.PersonController.delPerson(int)
2015-08-28 17:39:48,900 [org.sandbox.SpringBootMybatisApplication.main()] INFO RequestMappingHandlerMapping - Mapped "{[/error],produces=[text/html]}" onto public org.springframework.web.servlet.ModelAndView org.springframework.boot.autoconfigure.web.BasicErrorController.errorHtml(javax.servlet.http.HttpServletRequest)
2015-08-28 17:39:48,900 [org.sandbox.SpringBootMybatisApplication.main()] INFO RequestMappingHandlerMapping - Mapped "{[/error]}" onto public org.springframework.http.ResponseEntity<java.util.Map<java.lang.String, java.lang.Object>> org.springframework.boot.autoconfigure.web.BasicErrorController.error(javax.servlet.http.HttpServletRequest)
2015-08-28 17:39:48,931 [org.sandbox.SpringBootMybatisApplication.main()] INFO SimpleUrlHandlerMapping - Mapped URL path [/webjars/**] onto handler of type [class org.springframework.web.servlet.resource.ResourceHttpRequestHandler]
2015-08-28 17:39:48,931 [org.sandbox.SpringBootMybatisApplication.main()] INFO SimpleUrlHandlerMapping - Mapped URL path [/**] onto handler of type [class org.springframework.web.servlet.resource.ResourceHttpRequestHandler]
2015-08-28 17:39:48,955 [org.sandbox.SpringBootMybatisApplication.main()] INFO SimpleUrlHandlerMapping - Mapped URL path [/**/favicon.ico] onto handler of type [class org.springframework.web.servlet.resource.ResourceHttpRequestHandler]
2015-08-28 17:39:49,074 [org.sandbox.SpringBootMybatisApplication.main()] INFO AnnotationMBeanExporter - Registering beans for JMX exposure on startup
2015-08-28 17:39:49,092 [org.sandbox.SpringBootMybatisApplication.main()] INFO Http11NioProtocol - Initializing ProtocolHandler ["http-nio-8080"]
2015-08-28 17:39:49,097 [org.sandbox.SpringBootMybatisApplication.main()] INFO Http11NioProtocol - Starting ProtocolHandler ["http-nio-8080"]
2015-08-28 17:39:49,101 [org.sandbox.SpringBootMybatisApplication.main()] INFO NioSelectorPool - Using a shared selector for servlet write/read
2015-08-28 17:39:49,124 [org.sandbox.SpringBootMybatisApplication.main()] INFO TomcatEmbeddedServletContainer - Tomcat started on port(s): 8080 (http)
2015-08-28 17:39:49,125 [org.sandbox.SpringBootMybatisApplication.main()] INFO SpringBootMybatisApplication - Started SpringBootMybatisApplication in 2.749 seconds (JVM running for 4.523)
2015-08-28 17:39:56,206 [http-nio-8080-exec-1] INFO [/] - Initializing Spring FrameworkServlet 'dispatcherServlet'
2015-08-28 17:39:56,206 [http-nio-8080-exec-1] INFO DispatcherServlet - FrameworkServlet 'dispatcherServlet': initialization started
2015-08-28 17:39:56,217 [http-nio-8080-exec-1] INFO DispatcherServlet - FrameworkServlet 'dispatcherServlet': initialization completed in 11 ms
2015-08-28 17:39:56,314 [http-nio-8080-exec-1] INFO AbstractPoolBackedDataSource - Initializing c3p0 pool... com.mchange.v2.c3p0.ComboPooledDataSource [ acquireIncrement -> 10, acquireRetryAttempts -> 30, acquireRetryDelay -> 1000, autoCommitOnClose -> false, automaticTestTable -> null, breakAfterAcquireFailure -> false, checkoutTimeout -> 0, connectionCustomizerClassName -> null, connectionTesterClassName -> com.mchange.v2.c3p0.impl.DefaultConnectionTester, dataSourceName -> z8kfsx9bw3gv1wk7d881|323fc09, debugUnreturnedConnectionStackTraces -> false, description -> null, driverClass -> com.mysql.jdbc.Driver, factoryClassLocation -> null, forceIgnoreUnresolvedTransactions -> false, identityToken -> z8kfsx9bw3gv1wk7d881|323fc09, idleConnectionTestPeriod -> 60, initialPoolSize -> 3, jdbcUrl -> jdbc:mysql://127.0.0.1:3306/test?autoReconnect=true&useCompression=true&useUnicode=true&characterEncoding=utf8&zeroDateTimeBehavior=convertToNull&allowMultiQueries=true, maxAdministrativeTaskTime -> 0, maxConnectionAge -> 0, maxIdleTime -> 0, maxIdleTimeExcessConnections -> 0, maxPoolSize -> 100, maxStatements -> 50, maxStatementsPerConnection -> 0, minPoolSize -> 10, numHelperThreads -> 3, numThreadsAwaitingCheckoutDefaultUser -> 0, preferredTestQuery -> null, properties -> {user=******, password=******}, propertyCycle -> 0, testConnectionOnCheckin -> false, testConnectionOnCheckout -> false, unreturnedConnectionTimeout -> 0, usesTraditionalReflectiveProxies -> false ]
